2015-01-06 15:30:23,798 students.views INFO Редактирование студента
[2015-01-06 15:34:38,052] [students.views] [INFO] [Редактирование студента]
[2015-01-06 15:51:51,712] [students.views] [INFO] [work]
[2015-01-06 15:55:36,103] [students.views] [INFO] [work]
[2015-01-06 15:56:00,645] [students.views] [INFO] [work]
[2015-01-06 16:07:02,396] [students.views] [INFO] [work]
[2015-01-07 09:20:31,051] [coaches.views] [INFO] [Удаление преподавателя]
[2015-01-07 09:20:51,780] [coaches.views] [INFO] [Обновлены данные преподавателя]
[2015-01-07 09:22:17,599] [coaches.views] [INFO] [Созадан новый преподватель]
[2015-01-07 09:23:39,132] [coaches.views] [INFO] [Удаление преподавателя]
[2015-01-07 09:24:06,491] [coaches.views] [INFO] [Созадан новый преподватель]
[2015-01-07 09:39:46,483] [coaches.views] [INFO] [Удаление преподавателя]
[2015-01-07 09:41:53,683] [coaches.views] [INFO] [Удаление преподавателя]
[2015-01-07 10:02:48,113] [coaches.views] [INFO] [Преподаватель Prepod Prepodovich: обновлен.]
[2015-01-07 10:05:08,678] [coaches.views] [INFO] [Преподаватель Prepod Prepodovich: обновлен.]
[2015-01-07 10:40:59,693] [coaches.views] [INFO] [Созадан преподватель sdf asdfasdf.]
[2015-01-07 10:41:15,995] [coaches.views] [INFO] [Преподаватель prtsdkkfasdf ddddddddd: обновлен.]
[2015-01-07 10:43:05,447] [students.views] [INFO] [Создан студент student studentovich.]
[2015-01-07 10:43:24,087] [students.views] [INFO] [Изменен студент student studentovich.]
[2015-01-07 10:43:31,276] [students.views] [INFO] [Удален студент student studentovich.]
[2015-01-07 10:56:45,426] [courses.views] [INFO] [Созадан курс dfg.]
[2015-01-07 10:57:50,188] [courses.views] [INFO] [Созадан курс ssssssss.]
[2015-01-07 10:58:03,397] [courses.views] [INFO] [Курс aaaa.]
[2015-01-07 11:55:34,243] [students.views] [INFO] [Создан студент ssssssss ssssss.]
[2015-01-07 11:55:44,403] [students.views] [INFO] [Удален студент ssssssss ssssss.]
[2015-01-07 11:58:41,120] [students.views] [INFO] [Изменен студент Vasiliy Vasiliev.]
[2015-01-07 12:00:17,314] [students.views] [INFO] [Создан студент NNN SSS.]
[2015-01-07 12:00:42,177] [students.views] [INFO] [Удален студент NNN SSS.]
[2015-01-07 12:01:41,238] [students.views] [INFO] [Создан студент fs dfs.]
[2015-01-07 12:01:48,456] [students.views] [INFO] [Удален студент fs dfs.]
[2015-01-07 12:03:59,785] [students.views] [INFO] [Создан студент ddd ff.]
[2015-01-07 12:04:04,061] [students.views] [INFO] [Удален студент ddd ff.]
[2015-01-07 22:35:32,273] [students.views] [INFO] [Создан студент name surname.]
[2015-01-07 22:45:13,504] [students.views] [INFO] [Создан студент name surname.]
[2015-01-07 22:46:57,821] [students.views] [INFO] [Создан студент name surname.]
[2015-01-07 22:47:32,355] [students.views] [INFO] [Изменен студент nameedit_name surnameedit_surname.]
